TN:
SF:/Users/victormejia/Desktop/exercise-files/Ch06/06-04/begin/contact-manager-ui/src/polyfills.ts
FNF:0
FNH:0
DA:46,1
DA:60,1
LF:2
LH:2
BRF:0
BRH:0
end_of_record
TN:
SF:/Users/victormejia/Desktop/exercise-files/Ch06/06-04/begin/contact-manager-ui/src/test.ts
FN:20,(anonymous_0)
FNF:1
FNH:1
FNDA:1,(anonymous_0)
DA:3,1
DA:4,1
DA:5,1
DA:6,1
DA:7,1
DA:8,1
DA:9,1
DA:10,1
DA:20,1
DA:23,1
DA:28,1
DA:30,1
DA:32,1
LF:13
LH:13
BRF:0
BRH:0
end_of_record
TN:
SF:/Users/victormejia/Desktop/exercise-files/Ch06/06-04/begin/contact-manager-ui/src/app/contact/contact.component.ts
FN:9,(anonymous_2)
FN:15,ContactComponent
FN:17,(anonymous_4)
FNF:3
FNH:3
FNDA:1,(anonymous_2)
FNDA:4,ContactComponent
FNDA:3,(anonymous_4)
DA:1,1
DA:9,1
DA:11,1
DA:13,5
DA:17,1
DA:20,1
LF:6
LH:6
BRF:0
BRH:0
end_of_record
TN:
SF:/Users/victormejia/Desktop/exercise-files/Ch06/06-04/begin/contact-manager-ui/src/app/contact-list/contact-list.component.ts
FN:10,(anonymous_2)
FN:14,ContactListComponent
FN:16,(anonymous_4)
FN:18,(anonymous_5)
FNF:4
FNH:4
FNDA:1,(anonymous_2)
FNDA:3,ContactListComponent
FNDA:3,(anonymous_4)
FNDA:3,(anonymous_5)
DA:1,1
DA:3,1
DA:10,1
DA:14,3
DA:16,3
DA:17,3
DA:18,3
DA:21,1
LF:8
LH:8
BRF:0
BRH:0
end_of_record
TN:
SF:/Users/victormejia/Desktop/exercise-files/Ch06/06-04/begin/contact-manager-ui/src/app/shared/api.service.ts
FN:11,(anonymous_2)
FN:15,ApiService
FN:17,(anonymous_4)
FN:21,(anonymous_5)
FN:25,(anonymous_6)
FN:29,(anonymous_7)
FN:33,(anonymous_8)
FN:51,(anonymous_9)
FN:52,(anonymous_10)
FN:55,(anonymous_11)
FNF:10
FNH:1
FNDA:1,(anonymous_2)
FNDA:0,ApiService
FNDA:0,(anonymous_4)
FNDA:0,(anonymous_5)
FNDA:0,(anonymous_6)
FNDA:0,(anonymous_7)
FNDA:0,(anonymous_8)
FNDA:0,(anonymous_9)
FNDA:0,(anonymous_10)
FNDA:0,(anonymous_11)
DA:1,1
DA:2,1
DA:3,1
DA:4,1
DA:5,1
DA:6,1
DA:7,1
DA:8,1
DA:11,1
DA:13,0
DA:15,0
DA:17,1
DA:18,0
DA:21,1
DA:22,0
DA:25,1
DA:26,0
DA:29,1
DA:30,0
DA:33,1
DA:34,0
DA:35,0
DA:36,0
DA:38,0
DA:44,0
DA:45,0
DA:48,0
DA:50,0
DA:51,0
DA:52,0
DA:55,1
DA:56,0
DA:57,0
DA:59,0
DA:64,0
DA:66,0
DA:69,1
LF:37
LH:16
BRDA:44,0,0,0
BRDA:44,0,1,0
BRF:2
BRH:0
end_of_record
TN:
SF:/Users/victormejia/Desktop/exercise-files/Ch06/06-04/begin/contact-manager-ui/src/app/shared/auth.service.ts
FN:5,(anonymous_2)
FN:9,AuthService
FN:11,(anonymous_4)
FN:15,(anonymous_5)
FN:19,(anonymous_6)
FN:23,(anonymous_7)
FNF:6
FNH:1
FNDA:1,(anonymous_2)
FNDA:0,AuthService
FNDA:0,(anonymous_4)
FNDA:0,(anonymous_5)
FNDA:0,(anonymous_6)
FNDA:0,(anonymous_7)
DA:1,1
DA:2,1
DA:5,1
DA:7,0
DA:9,0
DA:11,1
DA:12,0
DA:15,1
DA:16,0
DA:19,1
DA:20,0
DA:23,1
DA:24,0
DA:25,0
DA:28,1
LF:15
LH:8
BRF:0
BRH:0
end_of_record
TN:
SF:/Users/victormejia/Desktop/exercise-files/Ch06/06-04/begin/contact-manager-ui/src/environments/environment.ts
FNF:0
FNH:0
DA:6,1
LF:1
LH:1
BRF:0
BRH:0
end_of_record
